2015-09-18 02:02:28.602 DEBUG [context.c:193] begin runing uthread loop
2015-09-18 02:02:28.603 DEBUG [context.c:229] end running uthread loop
2015-09-18 02:02:28.613 DEBUG [context.c:193] begin runing uthread loop
2015-09-18 02:02:28.613 DEBUG [context.c:229] end running uthread loop
2015-09-18 02:02:28.624 DEBUG [context.c:193] begin runing uthread loop
2015-09-18 02:02:28.624 DEBUG [context.c:229] end running uthread loop
2015-09-18 02:02:28.635 DEBUG [context.c:193] begin runing uthread loop
2015-09-18 02:02:28.635 DEBUG [context.c:229] end running uthread loop
2015-09-18 02:02:28.646 DEBUG [context.c:193] begin runing uthread loop
2015-09-18 02:02:28.646 DEBUG [context.c:229] end running uthread loop
2015-09-18 02:02:28.657 DEBUG [context.c:193] begin runing uthread loop
2015-09-18 02:02:28.657 DEBUG [context.c:229] end running uthread loop
2015-09-18 02:02:28.668 DEBUG [context.c:193] begin runing uthread loop
2015-09-18 02:02:28.668 DEBUG [context.c:229] end running uthread loop
2015-09-18 02:02:28.679 DEBUG [context.c:193] begin runing uthread loop
2015-09-18 02:02:28.679 DEBUG [context.c:229] end running uthread loop
2015-09-18 02:02:28.690 DEBUG [context.c:193] begin runing uthread loop
2015-09-18 02:02:28.690 DEBUG [context.c:229] end running uthread loop
2015-09-18 02:02:28.701 DEBUG [context.c:193] begin runing uthread loop
2015-09-18 02:02:28.701 DEBUG [context.c:229] end running uthread loop
2015-09-18 02:02:28.712 DEBUG [context.c:193] begin runing uthread loop
2015-09-18 02:02:28.712 DEBUG [context.c:229] end running uthread loop
2015-09-18 02:02:28.723 DEBUG [context.c:193] begin runing uthread loop
2015-09-18 02:02:28.723 DEBUG [context.c:229] end running uthread loop
2015-09-18 02:02:28.734 DEBUG [context.c:193] begin runing uthread loop
2015-09-18 02:02:28.734 DEBUG [context.c:229] end running uthread loop
2015-09-18 02:02:28.745 DEBUG [context.c:193] begin runing uthread loop
2015-09-18 02:02:28.745 DEBUG [context.c:229] end running uthread loop
2015-09-18 02:02:28.756 DEBUG [context.c:193] begin runing uthread loop
2015-09-18 02:02:28.756 DEBUG [context.c:229] end running uthread loop
2015-09-18 02:02:28.767 DEBUG [context.c:193] begin runing uthread loop
2015-09-18 02:02:28.767 DEBUG [context.c:229] end running uthread loop
2015-09-18 02:02:28.778 DEBUG [context.c:193] begin runing uthread loop
2015-09-18 02:02:28.778 DEBUG [context.c:229] end running uthread loop
2015-09-18 02:02:28.789 DEBUG [context.c:193] begin runing uthread loop
2015-09-18 02:02:28.789 DEBUG [context.c:229] end running uthread loop
2015-09-18 02:02:28.800 DEBUG [context.c:193] begin runing uthread loop
2015-09-18 02:02:28.800 INFO [context.c:137] create new uthread id:1 current:0 
2015-09-18 02:02:28.800 DEBUG [context.c:229] end running uthread loop
2015-09-18 02:02:28.811 DEBUG [context.c:193] begin runing uthread loop
2015-09-18 02:02:28.811 DEBUG [context.c:199] in loop, switch to: 1
2015-09-18 02:02:28.811 DEBUG [context.c:234] shit shit shit time loop: 1442512948811
2015-09-18 02:02:28.811 DEBUG [context.c:103] xxxxxxxxxxxxxxxxxxxxxxxxxxxxxxxxx
2015-09-18 02:02:28.811 DEBUG [context.c:111] uthread id:0 exit 
2015-09-18 02:02:28.811 DEBUG [context.c:229] end running uthread loop
2015-09-18 02:02:28.822 DEBUG [context.c:193] begin runing uthread loop
2015-09-18 02:02:28.822 DEBUG [context.c:229] end running uthread loop
2015-09-18 02:02:28.833 DEBUG [context.c:193] begin runing uthread loop
2015-09-18 02:02:28.833 DEBUG [context.c:229] end running uthread loop
2015-09-18 02:02:28.844 DEBUG [context.c:193] begin runing uthread loop
2015-09-18 02:02:28.844 DEBUG [context.c:229] end running uthread loop
2015-09-18 02:02:28.855 DEBUG [context.c:193] begin runing uthread loop
2015-09-18 02:02:28.855 DEBUG [context.c:229] end running uthread loop
2015-09-18 02:02:28.866 DEBUG [context.c:193] begin runing uthread loop
2015-09-18 02:02:28.866 DEBUG [context.c:229] end running uthread loop
2015-09-18 02:02:28.877 DEBUG [context.c:193] begin runing uthread loop
2015-09-18 02:02:28.877 DEBUG [context.c:229] end running uthread loop
2015-09-18 02:02:28.888 DEBUG [context.c:193] begin runing uthread loop
2015-09-18 02:02:28.888 DEBUG [context.c:229] end running uthread loop
2015-09-18 02:02:28.899 DEBUG [context.c:193] begin runing uthread loop
2015-09-18 02:02:28.899 DEBUG [context.c:229] end running uthread loop
2015-09-18 02:02:28.910 DEBUG [context.c:193] begin runing uthread loop
2015-09-18 02:02:28.910 DEBUG [context.c:229] end running uthread loop
2015-09-18 02:02:28.921 DEBUG [context.c:193] begin runing uthread loop
2015-09-18 02:02:28.921 DEBUG [context.c:229] end running uthread loop
2015-09-18 02:02:28.932 DEBUG [context.c:193] begin runing uthread loop
2015-09-18 02:02:28.932 DEBUG [context.c:229] end running uthread loop
2015-09-18 02:02:28.943 DEBUG [context.c:193] begin runing uthread loop
2015-09-18 02:02:28.943 DEBUG [context.c:229] end running uthread loop
2015-09-18 02:02:28.954 DEBUG [context.c:193] begin runing uthread loop
2015-09-18 02:02:28.954 DEBUG [context.c:229] end running uthread loop
2015-09-18 02:02:28.965 DEBUG [context.c:193] begin runing uthread loop
2015-09-18 02:02:28.965 DEBUG [context.c:229] end running uthread loop
2015-09-18 02:02:28.976 DEBUG [context.c:193] begin runing uthread loop
2015-09-18 02:02:28.976 DEBUG [context.c:229] end running uthread loop
2015-09-18 02:02:28.987 DEBUG [context.c:193] begin runing uthread loop
2015-09-18 02:02:28.987 DEBUG [context.c:229] end running uthread loop
2015-09-18 02:02:28.998 DEBUG [context.c:193] begin runing uthread loop
2015-09-18 02:02:28.998 DEBUG [context.c:229] end running uthread loop
2015-09-18 02:02:29.9 DEBUG [context.c:193] begin runing uthread loop
2015-09-18 02:02:29.9 INFO [context.c:137] create new uthread id:2 current:0 
2015-09-18 02:02:29.9 DEBUG [context.c:229] end running uthread loop
2015-09-18 02:02:29.20 DEBUG [context.c:193] begin runing uthread loop
2015-09-18 02:02:29.20 DEBUG [context.c:199] in loop, switch to: 2
2015-09-18 02:02:29.20 DEBUG [context.c:234] shit shit shit time loop: 1442512949020
2015-09-18 02:02:29.20 DEBUG [context.c:103] xxxxxxxxxxxxxxxxxxxxxxxxxxxxxxxxx
2015-09-18 02:02:29.20 DEBUG [context.c:111] uthread id:0 exit 
2015-09-18 02:02:29.20 DEBUG [context.c:229] end running uthread loop
2015-09-18 02:02:29.31 DEBUG [context.c:193] begin runing uthread loop
2015-09-18 02:02:29.31 DEBUG [context.c:229] end running uthread loop
2015-09-18 02:02:29.42 DEBUG [context.c:193] begin runing uthread loop
2015-09-18 02:02:29.42 DEBUG [context.c:229] end running uthread loop
2015-09-18 02:02:29.53 DEBUG [context.c:193] begin runing uthread loop
2015-09-18 02:02:29.53 DEBUG [context.c:229] end running uthread loop
2015-09-18 02:02:29.64 DEBUG [context.c:193] begin runing uthread loop
2015-09-18 02:02:29.64 DEBUG [context.c:229] end running uthread loop
2015-09-18 02:02:29.75 DEBUG [context.c:193] begin runing uthread loop
2015-09-18 02:02:29.75 DEBUG [context.c:229] end running uthread loop
2015-09-18 02:02:29.86 DEBUG [context.c:193] begin runing uthread loop
2015-09-18 02:02:29.86 DEBUG [context.c:229] end running uthread loop
2015-09-18 02:02:29.97 DEBUG [context.c:193] begin runing uthread loop
2015-09-18 02:02:29.97 DEBUG [context.c:229] end running uthread loop
2015-09-18 02:02:29.108 DEBUG [context.c:193] begin runing uthread loop
2015-09-18 02:02:29.108 DEBUG [context.c:229] end running uthread loop
2015-09-18 02:02:29.119 DEBUG [context.c:193] begin runing uthread loop
2015-09-18 02:02:29.119 DEBUG [context.c:229] end running uthread loop
2015-09-18 02:02:29.130 DEBUG [context.c:193] begin runing uthread loop
2015-09-18 02:02:29.130 DEBUG [context.c:229] end running uthread loop
2015-09-18 02:02:29.141 DEBUG [context.c:193] begin runing uthread loop
2015-09-18 02:02:29.141 DEBUG [context.c:229] end running uthread loop
2015-09-18 02:02:29.152 DEBUG [context.c:193] begin runing uthread loop
2015-09-18 02:02:29.152 DEBUG [context.c:229] end running uthread loop
2015-09-18 02:02:29.163 DEBUG [context.c:193] begin runing uthread loop
2015-09-18 02:02:29.163 DEBUG [context.c:229] end running uthread loop
2015-09-18 02:02:29.174 DEBUG [context.c:193] begin runing uthread loop
2015-09-18 02:02:29.174 DEBUG [context.c:229] end running uthread loop
2015-09-18 02:02:29.185 DEBUG [context.c:193] begin runing uthread loop
2015-09-18 02:02:29.185 DEBUG [context.c:229] end running uthread loop
2015-09-18 02:02:29.196 DEBUG [context.c:193] begin runing uthread loop
2015-09-18 02:02:29.196 DEBUG [context.c:229] end running uthread loop
2015-09-18 02:02:29.207 DEBUG [context.c:193] begin runing uthread loop
2015-09-18 02:02:29.207 DEBUG [context.c:229] end running uthread loop
2015-09-18 02:02:29.218 DEBUG [context.c:193] begin runing uthread loop
2015-09-18 02:02:29.218 INFO [context.c:137] create new uthread id:3 current:0 
2015-09-18 02:02:29.218 DEBUG [context.c:229] end running uthread loop
2015-09-18 02:02:29.229 DEBUG [context.c:193] begin runing uthread loop
2015-09-18 02:02:29.229 DEBUG [context.c:199] in loop, switch to: 3
2015-09-18 02:02:29.229 DEBUG [context.c:234] shit shit shit time loop: 1442512949229
2015-09-18 02:02:29.229 DEBUG [context.c:103] xxxxxxxxxxxxxxxxxxxxxxxxxxxxxxxxx
2015-09-18 02:02:29.229 DEBUG [context.c:111] uthread id:0 exit 
2015-09-18 02:02:29.229 DEBUG [context.c:229] end running uthread loop
2015-09-18 02:02:29.240 DEBUG [context.c:193] begin runing uthread loop
2015-09-18 02:02:29.240 DEBUG [context.c:229] end running uthread loop
2015-09-18 02:02:29.251 DEBUG [context.c:193] begin runing uthread loop
2015-09-18 02:02:29.251 DEBUG [context.c:229] end running uthread loop
2015-09-18 02:02:29.262 DEBUG [context.c:193] begin runing uthread loop
2015-09-18 02:02:29.262 DEBUG [context.c:229] end running uthread loop
2015-09-18 02:02:29.273 DEBUG [context.c:193] begin runing uthread loop
2015-09-18 02:02:29.273 DEBUG [context.c:229] end running uthread loop
2015-09-18 02:02:29.284 DEBUG [context.c:193] begin runing uthread loop
2015-09-18 02:02:29.284 DEBUG [context.c:229] end running uthread loop
2015-09-18 02:02:29.295 DEBUG [context.c:193] begin runing uthread loop
2015-09-18 02:02:29.295 DEBUG [context.c:229] end running uthread loop
2015-09-18 02:02:29.306 DEBUG [context.c:193] begin runing uthread loop
2015-09-18 02:02:29.306 DEBUG [context.c:229] end running uthread loop
2015-09-18 02:02:29.317 DEBUG [context.c:193] begin runing uthread loop
2015-09-18 02:02:29.317 DEBUG [context.c:229] end running uthread loop
2015-09-18 02:02:29.328 DEBUG [context.c:193] begin runing uthread loop
2015-09-18 02:02:29.328 DEBUG [context.c:229] end running uthread loop
2015-09-18 02:02:29.339 DEBUG [context.c:193] begin runing uthread loop
2015-09-18 02:02:29.339 DEBUG [context.c:229] end running uthread loop
2015-09-18 02:02:29.350 DEBUG [context.c:193] begin runing uthread loop
2015-09-18 02:02:29.350 DEBUG [context.c:229] end running uthread loop
2015-09-18 02:02:29.361 DEBUG [context.c:193] begin runing uthread loop
2015-09-18 02:02:29.361 DEBUG [context.c:229] end running uthread loop
2015-09-18 02:02:29.372 DEBUG [context.c:193] begin runing uthread loop
2015-09-18 02:02:29.372 DEBUG [context.c:229] end running uthread loop
2015-09-18 02:02:29.383 DEBUG [context.c:193] begin runing uthread loop
2015-09-18 02:02:29.383 DEBUG [context.c:229] end running uthread loop
2015-09-18 02:02:29.394 DEBUG [context.c:193] begin runing uthread loop
2015-09-18 02:02:29.394 DEBUG [context.c:229] end running uthread loop
2015-09-18 02:02:29.405 DEBUG [context.c:193] begin runing uthread loop
2015-09-18 02:02:29.405 DEBUG [context.c:229] end running uthread loop
2015-09-18 02:02:29.416 DEBUG [context.c:193] begin runing uthread loop
2015-09-18 02:02:29.416 DEBUG [context.c:229] end running uthread loop
2015-09-18 02:02:29.427 DEBUG [context.c:193] begin runing uthread loop
2015-09-18 02:02:29.427 INFO [context.c:137] create new uthread id:4 current:0 
2015-09-18 02:02:29.427 DEBUG [context.c:229] end running uthread loop
2015-09-18 02:02:29.438 DEBUG [context.c:193] begin runing uthread loop
2015-09-18 02:02:29.438 DEBUG [context.c:199] in loop, switch to: 4
2015-09-18 02:02:29.438 DEBUG [context.c:234] shit shit shit time loop: 1442512949438
2015-09-18 02:02:29.438 DEBUG [context.c:103] xxxxxxxxxxxxxxxxxxxxxxxxxxxxxxxxx
2015-09-18 02:02:29.438 DEBUG [context.c:111] uthread id:0 exit 
2015-09-18 02:02:29.438 DEBUG [context.c:229] end running uthread loop
2015-09-18 02:02:29.449 DEBUG [context.c:193] begin runing uthread loop
2015-09-18 02:02:29.449 DEBUG [context.c:229] end running uthread loop
2015-09-18 02:02:29.460 DEBUG [context.c:193] begin runing uthread loop
2015-09-18 02:02:29.460 DEBUG [context.c:229] end running uthread loop
2015-09-18 02:02:29.471 DEBUG [context.c:193] begin runing uthread loop
2015-09-18 02:02:29.471 DEBUG [context.c:229] end running uthread loop
2015-09-18 02:02:29.482 DEBUG [context.c:193] begin runing uthread loop
2015-09-18 02:02:29.482 DEBUG [context.c:229] end running uthread loop
2015-09-18 02:02:29.493 DEBUG [context.c:193] begin runing uthread loop
2015-09-18 02:02:29.493 DEBUG [context.c:229] end running uthread loop
2015-09-18 02:02:29.504 DEBUG [context.c:193] begin runing uthread loop
2015-09-18 02:02:29.504 DEBUG [context.c:229] end running uthread loop
2015-09-18 02:02:29.515 DEBUG [context.c:193] begin runing uthread loop
2015-09-18 02:02:29.515 DEBUG [context.c:229] end running uthread loop
2015-09-18 02:02:29.526 DEBUG [context.c:193] begin runing uthread loop
2015-09-18 02:02:29.526 DEBUG [context.c:229] end running uthread loop
2015-09-18 02:02:29.537 DEBUG [context.c:193] begin runing uthread loop
2015-09-18 02:02:29.537 DEBUG [context.c:229] end running uthread loop
2015-09-18 02:02:29.548 DEBUG [context.c:193] begin runing uthread loop
2015-09-18 02:02:29.548 DEBUG [context.c:229] end running uthread loop
2015-09-18 02:02:29.559 DEBUG [context.c:193] begin runing uthread loop
2015-09-18 02:02:29.559 DEBUG [context.c:229] end running uthread loop
2015-09-18 02:02:29.570 DEBUG [context.c:193] begin runing uthread loop
2015-09-18 02:02:29.570 DEBUG [context.c:229] end running uthread loop
2015-09-18 02:02:29.581 DEBUG [context.c:193] begin runing uthread loop
2015-09-18 02:02:29.581 DEBUG [context.c:229] end running uthread loop
2015-09-18 02:02:29.592 DEBUG [context.c:193] begin runing uthread loop
2015-09-18 02:02:29.592 DEBUG [context.c:229] end running uthread loop
2015-09-18 02:02:29.603 DEBUG [context.c:193] begin runing uthread loop
2015-09-18 02:02:29.603 DEBUG [context.c:229] end running uthread loop
2015-09-18 02:02:29.614 DEBUG [context.c:193] begin runing uthread loop
2015-09-18 02:02:29.614 DEBUG [context.c:229] end running uthread loop
2015-09-18 02:02:29.625 DEBUG [context.c:193] begin runing uthread loop
2015-09-18 02:02:29.625 DEBUG [context.c:229] end running uthread loop
2015-09-18 02:02:29.636 DEBUG [context.c:193] begin runing uthread loop
2015-09-18 02:02:29.636 INFO [context.c:137] create new uthread id:5 current:0 
2015-09-18 02:02:29.636 DEBUG [context.c:229] end running uthread loop
2015-09-18 02:06:08.808 DEBUG [context.c:193] begin runing uthread loop
2015-09-18 02:06:08.809 DEBUG [context.c:229] end running uthread loop
2015-09-18 02:06:08.819 DEBUG [context.c:193] begin runing uthread loop
2015-09-18 02:06:08.819 DEBUG [context.c:229] end running uthread loop
2015-09-18 02:06:08.830 DEBUG [context.c:193] begin runing uthread loop
2015-09-18 02:06:08.830 DEBUG [context.c:229] end running uthread loop
2015-09-18 02:06:08.841 DEBUG [context.c:193] begin runing uthread loop
2015-09-18 02:06:08.841 DEBUG [context.c:229] end running uthread loop
2015-09-18 02:06:08.852 DEBUG [context.c:193] begin runing uthread loop
2015-09-18 02:06:08.852 DEBUG [context.c:229] end running uthread loop
2015-09-18 02:06:08.863 DEBUG [context.c:193] begin runing uthread loop
2015-09-18 02:06:08.863 DEBUG [context.c:229] end running uthread loop
2015-09-18 02:06:08.874 DEBUG [context.c:193] begin runing uthread loop
2015-09-18 02:06:08.874 DEBUG [context.c:229] end running uthread loop
2015-09-18 02:06:08.885 DEBUG [context.c:193] begin runing uthread loop
2015-09-18 02:06:08.885 DEBUG [context.c:229] end running uthread loop
2015-09-18 02:06:08.896 DEBUG [context.c:193] begin runing uthread loop
2015-09-18 02:06:08.896 DEBUG [context.c:229] end running uthread loop
2015-09-18 02:06:08.907 DEBUG [context.c:193] begin runing uthread loop
2015-09-18 02:06:08.907 DEBUG [context.c:229] end running uthread loop
2015-09-18 02:06:08.918 DEBUG [context.c:193] begin runing uthread loop
2015-09-18 02:06:08.918 DEBUG [context.c:229] end running uthread loop
2015-09-18 02:06:08.929 DEBUG [context.c:193] begin runing uthread loop
2015-09-18 02:06:08.929 DEBUG [context.c:229] end running uthread loop
2015-09-18 02:06:08.940 DEBUG [context.c:193] begin runing uthread loop
2015-09-18 02:06:08.940 DEBUG [context.c:229] end running uthread loop
2015-09-18 02:06:08.951 DEBUG [context.c:193] begin runing uthread loop
2015-09-18 02:06:08.951 DEBUG [context.c:229] end running uthread loop
2015-09-18 02:06:08.962 DEBUG [context.c:193] begin runing uthread loop
2015-09-18 02:06:08.962 DEBUG [context.c:229] end running uthread loop
2015-09-18 02:06:08.973 DEBUG [context.c:193] begin runing uthread loop
2015-09-18 02:06:08.973 DEBUG [context.c:229] end running uthread loop
2015-09-18 02:06:08.984 DEBUG [context.c:193] begin runing uthread loop
2015-09-18 02:06:08.984 DEBUG [context.c:229] end running uthread loop
2015-09-18 02:06:08.995 DEBUG [context.c:193] begin runing uthread loop
2015-09-18 02:06:08.995 DEBUG [context.c:229] end running uthread loop
2015-09-18 02:06:09.6 DEBUG [context.c:193] begin runing uthread loop
2015-09-18 02:06:09.6 INFO [context.c:137] create new uthread id:1 current:0 
2015-09-18 02:06:09.6 DEBUG [context.c:229] end running uthread loop
2015-09-18 02:06:09.17 DEBUG [context.c:193] begin runing uthread loop
2015-09-18 02:06:09.17 DEBUG [context.c:199] in loop, switch to: 1
2015-09-18 02:06:09.17 DEBUG [context.c:234] shit shit shit time loop: 1442513169017
2015-09-18 02:06:09.17 DEBUG [context.c:103] xxxxxxxxxxxxxxxxxxxxxxxxxxxxxxxxx
2015-09-18 02:06:09.17 DEBUG [context.c:111] uthread id:0 exit 
2015-09-18 02:06:09.17 DEBUG [context.c:229] end running uthread loop
2015-09-18 02:06:09.28 DEBUG [context.c:193] begin runing uthread loop
2015-09-18 02:06:09.28 DEBUG [context.c:229] end running uthread loop
2015-09-18 02:06:09.39 DEBUG [context.c:193] begin runing uthread loop
2015-09-18 02:06:09.39 DEBUG [context.c:229] end running uthread loop
2015-09-18 02:06:09.50 DEBUG [context.c:193] begin runing uthread loop
2015-09-18 02:06:09.50 DEBUG [context.c:229] end running uthread loop
2015-09-18 02:06:09.61 DEBUG [context.c:193] begin runing uthread loop
2015-09-18 02:06:09.61 DEBUG [context.c:229] end running uthread loop
2015-09-18 02:06:09.72 DEBUG [context.c:193] begin runing uthread loop
2015-09-18 02:06:09.72 DEBUG [context.c:229] end running uthread loop
2015-09-18 02:06:09.83 DEBUG [context.c:193] begin runing uthread loop
2015-09-18 02:06:09.83 DEBUG [context.c:229] end running uthread loop
2015-09-18 02:06:09.94 DEBUG [context.c:193] begin runing uthread loop
2015-09-18 02:06:09.94 DEBUG [context.c:229] end running uthread loop
2015-09-18 02:06:09.105 DEBUG [context.c:193] begin runing uthread loop
2015-09-18 02:06:09.105 DEBUG [context.c:229] end running uthread loop
2015-09-18 02:06:09.116 DEBUG [context.c:193] begin runing uthread loop
2015-09-18 02:06:09.116 DEBUG [context.c:229] end running uthread loop
2015-09-18 02:06:09.127 DEBUG [context.c:193] begin runing uthread loop
2015-09-18 02:06:09.127 DEBUG [context.c:229] end running uthread loop
2015-09-18 02:06:09.138 DEBUG [context.c:193] begin runing uthread loop
2015-09-18 02:06:09.138 DEBUG [context.c:229] end running uthread loop
2015-09-18 02:06:09.149 DEBUG [context.c:193] begin runing uthread loop
2015-09-18 02:06:09.149 DEBUG [context.c:229] end running uthread loop
2015-09-18 02:06:09.160 DEBUG [context.c:193] begin runing uthread loop
2015-09-18 02:06:09.160 DEBUG [context.c:229] end running uthread loop
2015-09-18 02:06:09.171 DEBUG [context.c:193] begin runing uthread loop
2015-09-18 02:06:09.171 DEBUG [context.c:229] end running uthread loop
2015-09-18 02:06:09.182 DEBUG [context.c:193] begin runing uthread loop
2015-09-18 02:06:09.182 DEBUG [context.c:229] end running uthread loop
2015-09-18 02:06:09.193 DEBUG [context.c:193] begin runing uthread loop
2015-09-18 02:06:09.193 DEBUG [context.c:229] end running uthread loop
2015-09-18 02:06:09.204 DEBUG [context.c:193] begin runing uthread loop
2015-09-18 02:06:09.204 DEBUG [context.c:229] end running uthread loop
2015-09-18 02:06:09.215 DEBUG [context.c:193] begin runing uthread loop
2015-09-18 02:06:09.215 INFO [context.c:137] create new uthread id:2 current:0 
2015-09-18 02:06:09.215 DEBUG [context.c:229] end running uthread loop
2015-09-18 02:06:09.226 DEBUG [context.c:193] begin runing uthread loop
2015-09-18 02:06:09.226 DEBUG [context.c:199] in loop, switch to: 2
2015-09-18 02:06:09.226 DEBUG [context.c:234] shit shit shit time loop: 1442513169226
2015-09-18 02:06:09.226 DEBUG [context.c:103] xxxxxxxxxxxxxxxxxxxxxxxxxxxxxxxxx
2015-09-18 02:06:09.226 DEBUG [context.c:111] uthread id:0 exit 
2015-09-18 02:06:09.226 DEBUG [context.c:229] end running uthread loop
2015-09-18 02:06:09.237 DEBUG [context.c:193] begin runing uthread loop
2015-09-18 02:06:09.237 DEBUG [context.c:229] end running uthread loop
2015-09-18 02:06:09.248 DEBUG [context.c:193] begin runing uthread loop
2015-09-18 02:06:09.248 DEBUG [context.c:229] end running uthread loop
2015-09-18 02:06:09.259 DEBUG [context.c:193] begin runing uthread loop
2015-09-18 02:06:09.259 DEBUG [context.c:229] end running uthread loop
2015-09-18 02:06:09.270 DEBUG [context.c:193] begin runing uthread loop
2015-09-18 02:06:09.270 DEBUG [context.c:229] end running uthread loop
2015-09-18 02:06:09.281 DEBUG [context.c:193] begin runing uthread loop
2015-09-18 02:06:09.281 DEBUG [context.c:229] end running uthread loop
2015-09-18 02:06:09.292 DEBUG [context.c:193] begin runing uthread loop
2015-09-18 02:06:09.292 DEBUG [context.c:229] end running uthread loop
2015-09-18 02:06:09.303 DEBUG [context.c:193] begin runing uthread loop
2015-09-18 02:06:09.303 DEBUG [context.c:229] end running uthread loop
2015-09-18 02:06:09.314 DEBUG [context.c:193] begin runing uthread loop
2015-09-18 02:06:09.314 DEBUG [context.c:229] end running uthread loop
2015-09-18 02:06:09.325 DEBUG [context.c:193] begin runing uthread loop
2015-09-18 02:06:09.325 DEBUG [context.c:229] end running uthread loop
2015-09-18 02:06:09.336 DEBUG [context.c:193] begin runing uthread loop
2015-09-18 02:06:09.336 DEBUG [context.c:229] end running uthread loop
2015-09-18 02:06:09.347 DEBUG [context.c:193] begin runing uthread loop
2015-09-18 02:06:09.347 DEBUG [context.c:229] end running uthread loop
2015-09-18 02:06:09.358 DEBUG [context.c:193] begin runing uthread loop
2015-09-18 02:06:09.358 DEBUG [context.c:229] end running uthread loop
2015-09-18 02:06:09.369 DEBUG [context.c:193] begin runing uthread loop
2015-09-18 02:06:09.369 DEBUG [context.c:229] end running uthread loop
2015-09-18 02:06:09.380 DEBUG [context.c:193] begin runing uthread loop
2015-09-18 02:06:09.380 DEBUG [context.c:229] end running uthread loop
